<?xml version="1.0" encoding="UTF-8"?>
<!-- Generated by org.testng.reporters.JUnitReportReporter -->
<testsuite hostname="DESKTOP-RTV0AE7" failures="0" tests="1" name="com.usermanagement.testcases.LoginTest" time="0.129" errors="0" timestamp="2026-04-17T10:31:30 IST" skipped="0">
  <testcase classname="com.usermanagement.testcases.LoginTest" name="validLogin" time="0.129">
    <system-out>
      <![CDATA[Create account link is Displayed
checkUsnTf Tc is pass
checkPswTf Tc is pass
checkLoginBtn Tc is pass]]>
    </system-out>
  </testcase> <!-- validLogin -->
  <system-out>
    <![CDATA[Create account link is Displayed
checkUsnTf Tc is pass
checkPswTf Tc is pass
checkLoginBtn Tc is pass]]>
  </system-out>
</testsuite> <!-- com.usermanagement.testcases.LoginTest -->
