<?xml version="1.0" encoding="UTF-8"?>
<testng-results ignored="0" total="1" passed="1" failed="0" skipped="0">
  <reporter-output>
    <line>
      <![CDATA[Create account link is Displayed]]>
    </line>
    <line>
      <![CDATA[checkUsnTf Tc is pass]]>
    </line>
    <line>
      <![CDATA[checkPswTf Tc is pass]]>
    </line>
    <line>
      <![CDATA[checkLoginBtn Tc is pass]]>
    </line>
  </reporter-output>
  <suite started-at="2026-04-17T10:31:26 IST" name="Suite" finished-at="2026-04-17T10:31:30 IST" duration-ms="3678">
    <groups>
    </groups>
    <test started-at="2026-04-17T10:31:26 IST" name="Test" finished-at="2026-04-17T10:31:30 IST" duration-ms="3678">
      <class name="com.usermanagement.testcases.LoginTest">
        <test-method is-config="true" signature="precondition()[pri:0, instance:com.usermanagement.testcases.LoginTest@327514f]" started-at="2026-04-17T10:31:26 IST" name="precondition" finished-at="2026-04-17T10:31:30 IST" duration-ms="3341" status="PASS">
          <reporter-output>
          </reporter-output>
        </test-method> <!-- precondition -->
        <test-method signature="validLogin()[pri:0, instance:com.usermanagement.testcases.LoginTest@327514f]" started-at="2026-04-17T10:31:30 IST" name="validLogin" finished-at="2026-04-17T10:31:30 IST" duration-ms="129" status="PASS">
          <reporter-output>
            <line>
              <![CDATA[Create account link is Displayed]]>
            </line>
            <line>
              <![CDATA[checkUsnTf Tc is pass]]>
            </line>
            <line>
              <![CDATA[checkPswTf Tc is pass]]>
            </line>
            <line>
              <![CDATA[checkLoginBtn Tc is pass]]>
            </line>
          </reporter-output>
        </test-method> <!-- validLogin -->
        <test-method is-config="true" signature="postcondition()[pri:0, instance:com.usermanagement.testcases.LoginTest@327514f]" started-at="2026-04-17T10:31:30 IST" name="postcondition" finished-at="2026-04-17T10:31:30 IST" duration-ms="173" status="PASS">
          <reporter-output>
          </reporter-output>
        </test-method> <!-- postcondition -->
      </class> <!-- com.usermanagement.testcases.LoginTest -->
    </test> <!-- Test -->
  </suite> <!-- Suite -->
</testng-results>
